[22:58:19] [main/INFO]: Environment: authHost='https://authserver.mojang.com', accountsHost='https://api.mojang.com', sessionHost='https://sessionserver.mojang.com', name='PROD'
[22:58:20] [main/WARN]: Ambiguity between arguments [teleport, destination] and [teleport, targets] with inputs: [Player, 0123, @e, dd12be42-52a9-4a91-a8a1-11c01849e498]
[22:58:20] [main/WARN]: Ambiguity between arguments [teleport, location] and [teleport, destination] with inputs: [0.1 -0.5 .9, 0 0 0]
[22:58:20] [main/WARN]: Ambiguity between arguments [teleport, location] and [teleport, targets] with inputs: [0.1 -0.5 .9, 0 0 0]
[22:58:20] [main/WARN]: Ambiguity between arguments [teleport, targets] and [teleport, destination] with inputs: [Player, 0123, dd12be42-52a9-4a91-a8a1-11c01849e498]
[22:58:20] [main/WARN]: Ambiguity between arguments [teleport, targets, location] and [teleport, targets, destination] with inputs: [0.1 -0.5 .9, 0 0 0]
[22:58:20] [main/INFO]: Reloading ResourceManager: Default
[22:58:20] [Worker-Main-12/INFO]: Loaded 7 recipes
[22:58:21] [Worker-Main-12/INFO]: Loaded 927 advancements
[22:58:22] [Server thread/INFO]: Starting minecraft server version 1.16.3
[22:58:22] [Server thread/INFO]: Loading properties
[22:58:22] [Server thread/INFO]: Default game type: SURVIVAL
[22:58:22] [Server thread/INFO]: Generating keypair
[22:58:22] [Server thread/INFO]: Starting Minecraft server on *:25565
[22:58:22] [Server thread/INFO]: Using default channel type
[22:58:25] [Server thread/INFO]: Preparing level "world"
[22:58:25] [Server thread/INFO]: Preparing start region for dimension minecraft:overworld
[22:58:26] [Server thread/INFO]: Preparing spawn area: 0%
[22:58:26] [Server thread/INFO]: Preparing spawn area: 0%
[22:58:26] [Server thread/INFO]: Preparing spawn area: 0%
[22:58:29] [Worker-Main-8/INFO]: Preparing spawn area: 83%
[22:58:29] [Worker-Main-9/INFO]: Preparing spawn area: 83%
[22:58:29] [Worker-Main-9/INFO]: Preparing spawn area: 83%
[22:58:29] [Worker-Main-9/INFO]: Preparing spawn area: 83%
[22:58:29] [Worker-Main-9/INFO]: Preparing spawn area: 83%
[22:58:29] [Worker-Main-9/INFO]: Preparing spawn area: 83%
[22:58:29] [Worker-Main-14/INFO]: Preparing spawn area: 91%
[22:58:30] [Worker-Main-14/INFO]: Preparing spawn area: 91%
[22:58:30] [Worker-Main-9/INFO]: Preparing spawn area: 91%
[22:58:31] [Worker-Main-14/INFO]: Preparing spawn area: 91%
[22:58:31] [Server thread/INFO]: Preparing spawn area: 96%
[22:58:31] [Server thread/INFO]: Time elapsed: 6627 ms
[22:58:31] [Server thread/INFO]: Done (6.719s)! For help, type "help"
[22:58:35] [User Authenticator #1/INFO]: UUID of player zhixuan233 is 17553537-408c-4ffe-9ed9-d5f2f2d1ff1c
[22:58:35] [Server thread/INFO]: zhixuan233[/127.0.0.1:53776] logged in with entity id 133 at (998.8298655836945, 71.21108546599223, 1.0000020905685993E7)
[22:58:35] [Server thread/INFO]: zhixuan233 joined the game
[22:59:48] [Server thread/INFO]: [zhixuan233: Successfully filled 12221 blocks]
[23:00:10] [Server thread/INFO]: [zhixuan233: Successfully filled 5876 blocks]
[23:00:22] [Server thread/INFO]: [zhixuan233: Successfully filled 12221 blocks]
[23:00:30] [Server thread/INFO]: zhixuan233 lost connection: Disconnected
[23:00:30] [Server thread/INFO]: zhixuan233 left the game
[23:00:56] [Server thread/INFO]: Stopping the server
[23:00:56] [Server thread/INFO]: Stopping server
[23:00:56] [Server thread/INFO]: Saving players
[23:00:56] [Server thread/INFO]: Saving worlds
[23:00:56] [Server thread/INFO]: Saving chunks for level 'ServerLevel[world]'/minecraft:overworld
[23:00:57] [Server thread/INFO]: ThreadedAnvilChunkStorage (world): All chunks are saved
[23:00:57] [Server thread/INFO]: Saving chunks for level 'ServerLevel[world]'/minecraft:the_nether
[23:00:57] [Server thread/INFO]: ThreadedAnvilChunkStorage (DIM-1): All chunks are saved
[23:00:57] [Server thread/INFO]: Saving chunks for level 'ServerLevel[world]'/minecraft:the_end
[23:00:57] [Server thread/INFO]: ThreadedAnvilChunkStorage (DIM1): All chunks are saved
[23:00:57] [Server thread/INFO]: ThreadedAnvilChunkStorage (world): All chunks are saved
[23:00:58] [Server thread/INFO]: ThreadedAnvilChunkStorage (DIM-1): All chunks are saved
[23:00:58] [Server thread/INFO]: ThreadedAnvilChunkStorage (DIM1): All chunks are saved
